<?xml version="1.0" encoding="UTF-8"?>
<beans xmlns="http://www.springframework.org/schema/beans"
    xmlns:aop="http://www.springframework.org/schema/aop"
    xmlns:context="http://www.springframework.org/schema/context"
    xmlns:p="http://www.springframework.org/schema/p"
    xmlns:tx="http://www.springframework.org/schema/tx"
    xmlns:xsi="http://www.w3.org/2001/XMLSchema-instance"
    xmlns:ws="http://jax-ws.dev.java.net/spring/core"
    xmlns:wss="http://jax-ws.dev.java.net/spring/servlet"
    xsi:schemaLocation="
       http://www.springframework.org/schema/beans
       http://www.springframework.org/schema/beans/spring-beans-3.0.xsd
       http://www.springframework.org/schema/context
       http://www.springframework.org/schema/context/spring-context-3.0.xsd
       http://jax-ws.dev.java.net/spring/core
       http://jax-ws.dev.java.net/spring/core.xsd
       http://jax-ws.dev.java.net/spring/servlet
       http://jax-ws.dev.java.net/spring/servlet.xsd">
    
    <context:component-scan base-package="com.pariyani"/>
</beans>
